<?xml version="1.0" encoding="UTF-8"?>
<!-- Generated by org.testng.reporters.JUnitReportReporter -->
<testsuite hostname="CarinaE" name="TestCalculator" tests="5" failures="0" timestamp="17 Oct 2016 15:39:28 GMT" time="0.012" errors="0">
  <testcase name="testSubtract" time="0.000" classname="TestCalculator"/>
  <testcase name="testMultiply" time="0.000" classname="TestCalculator"/>
  <testcase name="testDivide" time="0.000" classname="TestCalculator"/>
  <testcase name="testDivisionByZero" time="0.000" classname="TestCalculator"/>
  <testcase name="testAdd" time="0.012" classname="TestCalculator"/>
</testsuite> <!-- TestCalculator -->
